# Logfile created on Sat Aug 14 19:20:57 -0700 2010  [4;36;1mSQL (17.0ms)[0m   [0;1mSET NAMES 'latin1'[0m
  [4;35;1mSQL (20.3ms)[0m   [0mSET SQL_AUTO_IS_NULL=0[0m
  [4;36;1mSQL (0.3ms)[0m   [0;1mSHOW TABLES[0m
  [4;35;1mSQL (214.1ms)[0m   [0mCREATE TABLE `schema_migrations` (`version` varchar(255) NOT NULL) ENGINE=InnoDB[0m
  [4;36;1mSQL (14.3ms)[0m   [0;1mSHOW KEYS FROM `schema_migrations`[0m
  [4;35;1mSQL (208.4ms)[0m   [0mCREATE UNIQUE INDEX `unique_schema_migrations` ON `schema_migrations` (`version`)[0m
  [4;36;1mSQL (0.3ms)[0m   [0;1mSHOW TABLES[0m
  [4;35;1mSQL (0.2ms)[0m   [0mSELECT version FROM schema_migrations[0m
Migrating to CreateStatuses (20100807013140)
  [4;36;1mSQL (120.2ms)[0m   [0;1mCREATE TABLE `statuses` (`id` int(11) DEFAULT NULL auto_increment PRIMARY KEY, `name` varchar(255), `amount` int(11), `created_at` datetime, `updated_at` datetime) ENGINE=InnoDB[0m
  [4;35;1mSQL (0.4ms)[0m   [0mINSERT INTO schema_migrations (version) VALUES ('20100807013140')[0m
Migrating to Available (20100812045232)
  [4;36;1mSQL (134.1ms)[0m   [0;1mALTER TABLE `statuses` ADD `available` tinyint(1) DEFAULT 1[0m
  [4;35;1mSQL (0.3ms)[0m   [0mINSERT INTO schema_migrations (version) VALUES ('20100812045232')[0m
  [4;36;1mSQL (0.3ms)[0m   [0;1mSHOW TABLES[0m
  [4;35;1mSQL (0.1ms)[0m   [0mSELECT version FROM schema_migrations[0m
  [4;36;1mSQL (0.2ms)[0m   [0;1mSHOW TABLES[0m
  [4;35;1mSQL (18.1ms)[0m   [0mSHOW FIELDS FROM `statuses`[0m
  [4;36;1mSQL (9.2ms)[0m   [0;1mdescribe `statuses`[0m
  [4;35;1mSQL (0.8ms)[0m   [0mSHOW KEYS FROM `statuses`[0m
  [4;36;1mSQL (0.1ms)[0m   [0;1mSET NAMES 'latin1'[0m
  [4;35;1mSQL (0.1ms)[0m   [0mSET SQL_AUTO_IS_NULL=0[0m


Processing StatusesController#index (for 127.0.0.1 at 2010-08-14 19:50:15) [GET]
  [4;36;1mStatus Load (0.3ms)[0m   [0;1mSELECT * FROM `statuses` [0m
Rendering template within layouts/statuses
Rendering statuses/index
Completed in 49ms (View: 45, DB: 1) | 200 OK [http://0.0.0.0/statuses]
  [4;35;1mSQL (0.1ms)[0m   [0mSET NAMES 'latin1'[0m
  [4;36;1mSQL (0.1ms)[0m   [0;1mSET SQL_AUTO_IS_NULL=0[0m


Processing StatusesController#new (for 127.0.0.1 at 2010-08-14 19:50:27) [GET]
  [4;35;1mStatus Columns (1.7ms)[0m   [0mSHOW FIELDS FROM `statuses`[0m
Rendering template within layouts/statuses
Rendering statuses/new
Completed in 42ms (View: 35, DB: 2) | 200 OK [http://0.0.0.0/statuses/new]
  [4;36;1mSQL (0.1ms)[0m   [0;1mSET NAMES 'latin1'[0m
  [4;35;1mSQL (0.1ms)[0m   [0mSET SQL_AUTO_IS_NULL=0[0m


Processing StatusesController#create (for 127.0.0.1 at 2010-08-14 19:50:31) [POST]
  Parameters: {"commit"=>"Create", "authenticity_token"=>"CoHkLPp/So4WofH0Ych0K4j4k8eQl23au0BvUsUlLQQ=", "status"=>{"name"=>"dave", "available"=>"1"}}
  [4;36;1mStatus Columns (1.7ms)[0m   [0;1mSHOW FIELDS FROM `statuses`[0m
  [4;35;1mSQL (18.9ms)[0m   [0mBEGIN[0m
  [4;36;1mStatus Create (0.2ms)[0m   [0;1mINSERT INTO `statuses` (`name`, `created_at`, `available`, `updated_at`, `amount`) VALUES('dave', '2010-08-15 02:50:31', 1, '2010-08-15 02:50:31', NULL)[0m
  [4;35;1mSQL (0.4ms)[0m   [0mCOMMIT[0m
Redirected to http://0.0.0.0:3000/statuses/1
Completed in 32ms (DB: 21) | 302 Found [http://0.0.0.0/statuses]
  [4;36;1mSQL (0.1ms)[0m   [0;1mSET NAMES 'latin1'[0m
  [4;35;1mSQL (0.1ms)[0m   [0mSET SQL_AUTO_IS_NULL=0[0m


Processing StatusesController#show (for 127.0.0.1 at 2010-08-14 19:50:31) [GET]
  Parameters: {"id"=>"1"}
  [4;36;1mStatus Columns (1.0ms)[0m   [0;1mSHOW FIELDS FROM `statuses`[0m
  [4;35;1mStatus Load (1.1ms)[0m   [0mSELECT * FROM `statuses` WHERE (`statuses`.`id` = 1) [0m
Rendering template within layouts/statuses
Rendering statuses/show
Completed in 12ms (View: 7, DB: 2) | 200 OK [http://0.0.0.0/statuses/1]
  [4;36;1mSQL (0.1ms)[0m   [0;1mSET NAMES 'latin1'[0m
  [4;35;1mSQL (0.1ms)[0m   [0mSET SQL_AUTO_IS_NULL=0[0m


Processing StatusesController#edit (for 127.0.0.1 at 2010-08-14 19:50:34) [GET]
  Parameters: {"id"=>"1"}
  [4;36;1mStatus Columns (4.1ms)[0m   [0;1mSHOW FIELDS FROM `statuses`[0m
  [4;35;1mStatus Load (0.3ms)[0m   [0mSELECT * FROM `statuses` WHERE (`statuses`.`id` = 1) [0m
Rendering template within layouts/statuses
Rendering statuses/edit
Completed in 22ms (View: 12, DB: 4) | 200 OK [http://0.0.0.0/statuses/1/edit]
  [4;36;1mSQL (0.1ms)[0m   [0;1mSET NAMES 'latin1'[0m
  [4;35;1mSQL (0.1ms)[0m   [0mSET SQL_AUTO_IS_NULL=0[0m


Processing StatusesController#index (for 127.0.0.1 at 2010-08-14 19:50:35) [GET]
  [4;36;1mStatus Load (0.3ms)[0m   [0;1mSELECT * FROM `statuses` [0m
Rendering template within layouts/statuses
Rendering statuses/index
  [4;35;1mStatus Columns (1.1ms)[0m   [0mSHOW FIELDS FROM `statuses`[0m
Completed in 10ms (View: 4, DB: 2) | 200 OK [http://0.0.0.0/statuses]
  [4;36;1mSQL (0.1ms)[0m   [0;1mSET NAMES 'latin1'[0m
  [4;35;1mSQL (0.1ms)[0m   [0mSET SQL_AUTO_IS_NULL=0[0m


Processing StatusesController#new (for 127.0.0.1 at 2010-08-14 19:50:37) [GET]
  [4;36;1mStatus Columns (1.0ms)[0m   [0;1mSHOW FIELDS FROM `statuses`[0m
Rendering template within layouts/statuses
Rendering statuses/new
Completed in 15ms (View: 10, DB: 1) | 200 OK [http://0.0.0.0/statuses/new]
  [4;35;1mSQL (0.1ms)[0m   [0mSET NAMES 'latin1'[0m
  [4;36;1mSQL (0.1ms)[0m   [0;1mSET SQL_AUTO_IS_NULL=0[0m


Processing StatusesController#create (for 127.0.0.1 at 2010-08-14 19:50:38) [POST]
  Parameters: {"commit"=>"Create", "authenticity_token"=>"CoHkLPp/So4WofH0Ych0K4j4k8eQl23au0BvUsUlLQQ=", "status"=>{"name"=>"", "available"=>"1"}}
  [4;35;1mStatus Columns (1.1ms)[0m   [0mSHOW FIELDS FROM `statuses`[0m
  [4;36;1mSQL (0.8ms)[0m   [0;1mBEGIN[0m
  [4;35;1mStatus Create (0.2ms)[0m   [0mINSERT INTO `statuses` (`name`, `created_at`, `available`, `updated_at`, `amount`) VALUES('', '2010-08-15 02:50:38', 1, '2010-08-15 02:50:38', NULL)[0m
  [4;36;1mSQL (0.4ms)[0m   [0;1mCOMMIT[0m
Redirected to http://0.0.0.0:3000/statuses/2
Completed in 13ms (DB: 3) | 302 Found [http://0.0.0.0/statuses]
  [4;35;1mSQL (0.1ms)[0m   [0mSET NAMES 'latin1'[0m
  [4;36;1mSQL (0.1ms)[0m   [0;1mSET SQL_AUTO_IS_NULL=0[0m


Processing StatusesController#show (for 127.0.0.1 at 2010-08-14 19:50:38) [GET]
  Parameters: {"id"=>"2"}
  [4;35;1mStatus Columns (1.1ms)[0m   [0mSHOW FIELDS FROM `statuses`[0m
  [4;36;1mStatus Load (0.9ms)[0m   [0;1mSELECT * FROM `statuses` WHERE (`statuses`.`id` = 2) [0m
Rendering template within layouts/statuses
Rendering statuses/show
Completed in 8ms (View: 3, DB: 2) | 200 OK [http://0.0.0.0/statuses/2]
  [4;35;1mSQL (0.1ms)[0m   [0mSET NAMES 'latin1'[0m
  [4;36;1mSQL (0.1ms)[0m   [0;1mSET SQL_AUTO_IS_NULL=0[0m


Processing StatusesController#edit (for 127.0.0.1 at 2010-08-14 19:50:42) [GET]
  Parameters: {"id"=>"2"}
  [4;35;1mStatus Columns (1.1ms)[0m   [0mSHOW FIELDS FROM `statuses`[0m
  [4;36;1mStatus Load (1.8ms)[0m   [0;1mSELECT * FROM `statuses` WHERE (`statuses`.`id` = 2) [0m
Rendering template within layouts/statuses
Rendering statuses/edit
Completed in 17ms (View: 9, DB: 3) | 200 OK [http://0.0.0.0/statuses/2/edit]
  [4;35;1mSQL (0.1ms)[0m   [0mSET NAMES 'latin1'[0m
  [4;36;1mSQL (0.1ms)[0m   [0;1mSET SQL_AUTO_IS_NULL=0[0m


Processing StatusesController#update (for 127.0.0.1 at 2010-08-14 19:50:43) [PUT]
  Parameters: {"commit"=>"Update", "authenticity_token"=>"CoHkLPp/So4WofH0Ych0K4j4k8eQl23au0BvUsUlLQQ=", "id"=>"2", "status"=>{"name"=>""}}
  [4;35;1mStatus Columns (1.3ms)[0m   [0mSHOW FIELDS FROM `statuses`[0m
  [4;36;1mStatus Load (1.5ms)[0m   [0;1mSELECT * FROM `statuses` WHERE (`statuses`.`id` = 2) [0m
  [4;35;1mSQL (0.1ms)[0m   [0mBEGIN[0m
  [4;36;1mSQL (0.1ms)[0m   [0;1mCOMMIT[0m
Redirected to http://0.0.0.0:3000/statuses/2
Completed in 11ms (DB: 3) | 302 Found [http://0.0.0.0/statuses/2]
  [4;35;1mSQL (0.3ms)[0m   [0mSET NAMES 'latin1'[0m
  [4;36;1mSQL (0.1ms)[0m   [0;1mSET SQL_AUTO_IS_NULL=0[0m


Processing StatusesController#show (for 127.0.0.1 at 2010-08-14 19:50:43) [GET]
  Parameters: {"id"=>"2"}
  [4;35;1mStatus Columns (1.1ms)[0m   [0mSHOW FIELDS FROM `statuses`[0m
  [4;36;1mStatus Load (0.2ms)[0m   [0;1mSELECT * FROM `statuses` WHERE (`statuses`.`id` = 2) [0m
Rendering template within layouts/statuses
Rendering statuses/show
Completed in 8ms (View: 3, DB: 2) | 200 OK [http://0.0.0.0/statuses/2]
  [4;35;1mSQL (0.1ms)[0m   [0mSET NAMES 'latin1'[0m
  [4;36;1mSQL (0.1ms)[0m   [0;1mSET SQL_AUTO_IS_NULL=0[0m


Processing StatusesController#index (for 127.0.0.1 at 2010-08-14 19:50:45) [GET]
  [4;35;1mStatus Load (0.3ms)[0m   [0mSELECT * FROM `statuses` [0m
Rendering template within layouts/statuses
Rendering statuses/index
  [4;36;1mStatus Columns (1.4ms)[0m   [0;1mSHOW FIELDS FROM `statuses`[0m
Completed in 19ms (View: 13, DB: 2) | 200 OK [http://0.0.0.0/statuses]
  [4;35;1mSQL (0.1ms)[0m   [0mSET NAMES 'latin1'[0m
  [4;36;1mSQL (0.1ms)[0m   [0;1mSET SQL_AUTO_IS_NULL=0[0m


Processing StatusesController#show (for 127.0.0.1 at 2010-08-14 19:50:49) [GET]
  Parameters: {"id"=>"1"}
  [4;35;1mStatus Columns (8.8ms)[0m   [0mSHOW FIELDS FROM `statuses`[0m
  [4;36;1mStatus Load (1.9ms)[0m   [0;1mSELECT * FROM `statuses` WHERE (`statuses`.`id` = 1) [0m
Rendering template within layouts/statuses
Rendering statuses/show
Completed in 17ms (View: 2, DB: 11) | 200 OK [http://0.0.0.0/statuses/1]
  [4;35;1mSQL (0.1ms)[0m   [0mSET NAMES 'latin1'[0m
  [4;36;1mSQL (0.1ms)[0m   [0;1mSET SQL_AUTO_IS_NULL=0[0m


Processing StatusesController#index (for 127.0.0.1 at 2010-08-14 20:14:38) [GET]
  [4;35;1mStatus Load (0.3ms)[0m   [0mSELECT * FROM `statuses` [0m
Rendering template within layouts/statuses
Rendering statuses/index
  [4;36;1mStatus Columns (22.1ms)[0m   [0;1mSHOW FIELDS FROM `statuses`[0m
Completed in 32ms (View: 6, DB: 23) | 200 OK [http://localhost/statuses]
  [4;36;1mSQL (0.1ms)[0m   [0;1mSET NAMES 'latin1'[0m
  [4;35;1mSQL (0.1ms)[0m   [0mSET SQL_AUTO_IS_NULL=0[0m
  [4;36;1mSQL (23.0ms)[0m   [0;1mSHOW TABLES[0m
  [4;35;1mSQL (0.3ms)[0m   [0mSELECT version FROM schema_migrations[0m
Migrating to CreateStatuses (20100807013140)
Migrating to Available (20100812045232)
Migrating to CreateLogins (20100815053135)
  [4;36;1mSQL (95.6ms)[0m   [0;1mCREATE TABLE `logins` (`id` int(11) DEFAULT NULL auto_increment PRIMARY KEY, `user` varchar(255), `passwd` varchar(255), `created_at` datetime, `updated_at` datetime) ENGINE=InnoDB[0m
  [4;35;1mSQL (11.0ms)[0m   [0mINSERT INTO schema_migrations (version) VALUES ('20100815053135')[0m
  [4;36;1mSQL (0.4ms)[0m   [0;1mSHOW TABLES[0m
  [4;35;1mSQL (0.1ms)[0m   [0mSELECT version FROM schema_migrations[0m
  [4;36;1mSQL (0.2ms)[0m   [0;1mSHOW TABLES[0m
  [4;35;1mSQL (1.1ms)[0m   [0mSHOW FIELDS FROM `logins`[0m
  [4;36;1mSQL (2.0ms)[0m   [0;1mdescribe `logins`[0m
  [4;35;1mSQL (2.9ms)[0m   [0mSHOW KEYS FROM `logins`[0m
  [4;36;1mSQL (0.8ms)[0m   [0;1mSHOW FIELDS FROM `statuses`[0m
  [4;35;1mSQL (2.4ms)[0m   [0mdescribe `statuses`[0m
  [4;36;1mSQL (0.9ms)[0m   [0;1mSHOW KEYS FROM `statuses`[0m
  [4;35;1mSQL (0.1ms)[0m   [0mSET NAMES 'latin1'[0m
  [4;36;1mSQL (0.1ms)[0m   [0;1mSET SQL_AUTO_IS_NULL=0[0m


Processing LoginsController#index (for 127.0.0.1 at 2010-08-14 22:34:30) [GET]
  [4;35;1mLogin Load (0.3ms)[0m   [0mSELECT * FROM `logins` [0m
Rendering template within layouts/logins
Rendering logins/index
Completed in 21ms (View: 17, DB: 0) | 200 OK [http://localhost/logins]
  [4;36;1mSQL (0.1ms)[0m   [0;1mSET NAMES 'latin1'[0m
  [4;35;1mSQL (0.1ms)[0m   [0mSET SQL_AUTO_IS_NULL=0[0m


Processing LoginsController#new (for 127.0.0.1 at 2010-08-14 22:34:33) [GET]
  [4;36;1mLogin Columns (1.0ms)[0m   [0;1mSHOW FIELDS FROM `logins`[0m
Rendering template within layouts/logins
Rendering logins/new
Completed in 45ms (View: 41, DB: 1) | 200 OK [http://localhost/logins/new]
  [4;35;1mSQL (0.1ms)[0m   [0mSET NAMES 'latin1'[0m
  [4;36;1mSQL (0.1ms)[0m   [0;1mSET SQL_AUTO_IS_NULL=0[0m


Processing LoginsController#index (for 127.0.0.1 at 2010-08-14 22:35:40) [GET]
  [4;35;1mLogin Load (0.7ms)[0m   [0mSELECT * FROM `logins` [0m
Rendering template within layouts/logins
Rendering logins/index
Completed in 7ms (View: 2, DB: 1) | 200 OK [http://localhost/logins]
  [4;36;1mSQL (0.1ms)[0m   [0;1mSET NAMES 'latin1'[0m
  [4;35;1mSQL (0.1ms)[0m   [0mSET SQL_AUTO_IS_NULL=0[0m


Processing LoginsController#new (for 127.0.0.1 at 2010-08-14 22:35:42) [GET]
  [4;36;1mLogin Columns (1.0ms)[0m   [0;1mSHOW FIELDS FROM `logins`[0m
Rendering template within layouts/logins
Rendering logins/new
Completed in 15ms (View: 7, DB: 1) | 200 OK [http://localhost/logins/new]
  [4;36;1mSQL (0.1ms)[0m   [0;1mSET NAMES 'latin1'[0m
  [4;35;1mSQL (0.1ms)[0m   [0mSET SQL_AUTO_IS_NULL=0[0m
  [4;36;1mSQL (4.6ms)[0m   [0;1mSHOW TABLES[0m
  [4;35;1mSQL (0.2ms)[0m   [0mSELECT version FROM schema_migrations[0m
Migrating to CreateStatuses (20100807013140)
Migrating to Available (20100812045232)
Migrating to CreateLogins (20100815053135)
  [4;36;1mSQL (0.4ms)[0m   [0;1mSHOW TABLES[0m
  [4;35;1mSQL (0.1ms)[0m   [0mSELECT version FROM schema_migrations[0m
  [4;36;1mSQL (0.2ms)[0m   [0;1mSHOW TABLES[0m
  [4;35;1mSQL (29.6ms)[0m   [0mSHOW FIELDS FROM `logins`[0m
  [4;36;1mSQL (1.7ms)[0m   [0;1mdescribe `logins`[0m
  [4;35;1mSQL (1.0ms)[0m   [0mSHOW KEYS FROM `logins`[0m
  [4;36;1mSQL (1.0ms)[0m   [0;1mSHOW FIELDS FROM `statuses`[0m
  [4;35;1mSQL (1.8ms)[0m   [0mdescribe `statuses`[0m
  [4;36;1mSQL (0.7ms)[0m   [0;1mSHOW KEYS FROM `statuses`[0m
  [4;36;1mSQL (0.1ms)[0m   [0;1mSET NAMES 'latin1'[0m
  [4;35;1mSQL (0.1ms)[0m   [0mSET SQL_AUTO_IS_NULL=0[0m
  [4;36;1mSQL (0.3ms)[0m   [0;1mSHOW TABLES[0m
  [4;35;1mSQL (0.1ms)[0m   [0mSELECT version FROM schema_migrations[0m
Migrating to CreateStatuses (20100807013140)
Migrating to Available (20100812045232)
Migrating to CreateLogins (20100815053135)
  [4;36;1mSQL (0.3ms)[0m   [0;1mSHOW TABLES[0m
  [4;35;1mSQL (0.1ms)[0m   [0mSELECT version FROM schema_migrations[0m
  [4;36;1mSQL (0.3ms)[0m   [0;1mSHOW TABLES[0m
  [4;35;1mSQL (1.2ms)[0m   [0mSHOW FIELDS FROM `logins`[0m
  [4;36;1mSQL (2.1ms)[0m   [0;1mdescribe `logins`[0m
  [4;35;1mSQL (1.3ms)[0m   [0mSHOW KEYS FROM `logins`[0m
  [4;36;1mSQL (1.5ms)[0m   [0;1mSHOW FIELDS FROM `statuses`[0m
  [4;35;1mSQL (2.6ms)[0m   [0mdescribe `statuses`[0m
  [4;36;1mSQL (2.5ms)[0m   [0;1mSHOW KEYS FROM `statuses`[0m
  [4;36;1mSQL (0.1ms)[0m   [0;1mSET NAMES 'latin1'[0m
  [4;35;1mSQL (0.1ms)[0m   [0mSET SQL_AUTO_IS_NULL=0[0m
  [4;36;1mSQL (0.3ms)[0m   [0;1mSHOW TABLES[0m
  [4;35;1mSQL (0.2ms)[0m   [0mSELECT version FROM schema_migrations[0m
Migrating to CreateStatuses (20100807013140)
Migrating to Available (20100812045232)
Migrating to CreateLogins (20100815053135)
  [4;36;1mSQL (0.3ms)[0m   [0;1mSHOW TABLES[0m
  [4;35;1mSQL (0.1ms)[0m   [0mSELECT version FROM schema_migrations[0m
  [4;36;1mSQL (0.2ms)[0m   [0;1mSHOW TABLES[0m
  [4;35;1mSQL (1.0ms)[0m   [0mSHOW FIELDS FROM `logins`[0m
  [4;36;1mSQL (1.7ms)[0m   [0;1mdescribe `logins`[0m
  [4;35;1mSQL (1.0ms)[0m   [0mSHOW KEYS FROM `logins`[0m
  [4;36;1mSQL (0.9ms)[0m   [0;1mSHOW FIELDS FROM `statuses`[0m
  [4;35;1mSQL (2.1ms)[0m   [0mdescribe `statuses`[0m
  [4;36;1mSQL (1.9ms)[0m   [0;1mSHOW KEYS FROM `statuses`[0m
  [4;36;1mSQL (0.1ms)[0m   [0;1mSET NAMES 'latin1'[0m
  [4;35;1mSQL (0.1ms)[0m   [0mSET SQL_AUTO_IS_NULL=0[0m
  [4;36;1mSQL (15.8ms)[0m   [0;1mSHOW TABLES[0m
  [4;35;1mSQL (0.7ms)[0m   [0mSELECT version FROM schema_migrations[0m
Migrating to CreateStatuses (20100807013140)
Migrating to Available (20100812045232)
Migrating to CreateLogins (20100815053135)
  [4;36;1mSQL (0.3ms)[0m   [0;1mSHOW TABLES[0m
  [4;35;1mSQL (0.1ms)[0m   [0mSELECT version FROM schema_migrations[0m
  [4;36;1mSQL (0.2ms)[0m   [0;1mSHOW TABLES[0m
  [4;35;1mSQL (26.4ms)[0m   [0mSHOW FIELDS FROM `logins`[0m
  [4;36;1mSQL (1.7ms)[0m   [0;1mdescribe `logins`[0m
  [4;35;1mSQL (0.7ms)[0m   [0mSHOW KEYS FROM `logins`[0m
  [4;36;1mSQL (0.9ms)[0m   [0;1mSHOW FIELDS FROM `statuses`[0m
  [4;35;1mSQL (1.8ms)[0m   [0mdescribe `statuses`[0m
  [4;36;1mSQL (1.0ms)[0m   [0;1mSHOW KEYS FROM `statuses`[0m
  [4;35;1mSQL (0.1ms)[0m   [0mSET NAMES 'latin1'[0m
  [4;36;1mSQL (0.1ms)[0m   [0;1mSET SQL_AUTO_IS_NULL=0[0m


Processing LoginsController#create (for 127.0.0.1 at 2010-08-14 22:47:13) [POST]
  Parameters: {"commit"=>"Create", "authenticity_token"=>"YeKY8ykR8iOAFjj9nZj2jtSJWjEZtx4+gm+HVK9EPKw=", "login"=>{"id"=>"12", "user"=>"5am", "passwd"=>"foobar"}}
  [4;35;1mLogin Columns (1.3ms)[0m   [0mSHOW FIELDS FROM `logins`[0m
WARNING: Can't mass-assign these protected attributes: id
  [4;36;1mSQL (0.1ms)[0m   [0;1mBEGIN[0m
  [4;35;1mLogin Create (0.2ms)[0m   [0mINSERT INTO `logins` (`created_at`, `updated_at`, `user`, `passwd`) VALUES('2010-08-15 05:47:13', '2010-08-15 05:47:13', '5am', 'foobar')[0m
  [4;36;1mSQL (0.4ms)[0m   [0;1mCOMMIT[0m
Redirected to http://localhost:3000/logins/1
Completed in 42ms (DB: 2) | 302 Found [http://localhost/logins]
  [4;35;1mSQL (0.1ms)[0m   [0mSET NAMES 'latin1'[0m
  [4;36;1mSQL (0.1ms)[0m   [0;1mSET SQL_AUTO_IS_NULL=0[0m


Processing LoginsController#show (for 127.0.0.1 at 2010-08-14 22:47:13) [GET]
  Parameters: {"id"=>"1"}
  [4;35;1mLogin Columns (1.0ms)[0m   [0mSHOW FIELDS FROM `logins`[0m
  [4;36;1mLogin Load (1.5ms)[0m   [0;1mSELECT * FROM `logins` WHERE (`logins`.`id` = 1) [0m
Rendering template within layouts/logins
Rendering logins/show
Completed in 12ms (View: 5, DB: 3) | 200 OK [http://localhost/logins/1]
  [4;35;1mSQL (0.1ms)[0m   [0mSET NAMES 'latin1'[0m
  [4;36;1mSQL (0.1ms)[0m   [0;1mSET SQL_AUTO_IS_NULL=0[0m


Processing LoginsController#edit (for 127.0.0.1 at 2010-08-14 22:48:00) [GET]
  Parameters: {"id"=>"1"}
  [4;35;1mLogin Columns (1.0ms)[0m   [0mSHOW FIELDS FROM `logins`[0m
  [4;36;1mLogin Load (1.0ms)[0m   [0;1mSELECT * FROM `logins` WHERE (`logins`.`id` = 1) [0m
Rendering template within layouts/logins
Rendering logins/edit
Completed in 376ms (View: 369, DB: 2) | 200 OK [http://localhost/logins/1/edit]
  [4;35;1mSQL (0.2ms)[0m   [0mSET NAMES 'latin1'[0m
  [4;36;1mSQL (0.1ms)[0m   [0;1mSET SQL_AUTO_IS_NULL=0[0m


Processing LoginsController#index (for 127.0.0.1 at 2010-08-14 22:48:03) [GET]
  [4;35;1mLogin Load (1.2ms)[0m   [0mSELECT * FROM `logins` [0m
Rendering template within layouts/logins
Rendering logins/index
  [4;36;1mLogin Columns (1.4ms)[0m   [0;1mSHOW FIELDS FROM `logins`[0m
Completed in 11ms (View: 5, DB: 3) | 200 OK [http://localhost/logins]
  [4;35;1mSQL (0.1ms)[0m   [0mSET NAMES 'latin1'[0m
  [4;36;1mSQL (0.1ms)[0m   [0;1mSET SQL_AUTO_IS_NULL=0[0m


Processing LoginsController#new (for 127.0.0.1 at 2010-08-14 22:48:06) [GET]
  [4;35;1mLogin Columns (1.3ms)[0m   [0mSHOW FIELDS FROM `logins`[0m
Rendering template within layouts/logins
Rendering logins/new
Completed in 11ms (View: 6, DB: 1) | 200 OK [http://localhost/logins/new]
  [4;36;1mSQL (0.1ms)[0m   [0;1mSET NAMES 'latin1'[0m
  [4;35;1mSQL (0.2ms)[0m   [0mSET SQL_AUTO_IS_NULL=0[0m
  [4;36;1mSQL (0.3ms)[0m   [0;1mSHOW TABLES[0m
  [4;35;1mSQL (0.2ms)[0m   [0mSELECT version FROM schema_migrations[0m
Migrating to Available (20100812045232)
Migrating to CreateLogins (20100815053135)
Migrating to CreateStatuses (20100815055852)
  [4;36;1mSQL (59.5ms)[0m   [0;1mCREATE TABLE `statuses` (`id` int(11) DEFAULT NULL auto_increment PRIMARY KEY, `sid` int(11), `uid` int(11), `status` int(11), `created_at` datetime, `updated_at` datetime) ENGINE=InnoDB[0m
  [4;35;1mSQL (0.6ms)[0m   [0mINSERT INTO schema_migrations (version) VALUES ('20100815055852')[0m
  [4;36;1mSQL (0.5ms)[0m   [0;1mSHOW TABLES[0m
  [4;35;1mSQL (0.3ms)[0m   [0mSELECT version FROM schema_migrations[0m
  [4;36;1mSQL (0.3ms)[0m   [0;1mSHOW TABLES[0m
  [4;35;1mSQL (1.3ms)[0m   [0mSHOW FIELDS FROM `logins`[0m
  [4;36;1mSQL (2.7ms)[0m   [0;1mdescribe `logins`[0m
  [4;35;1mSQL (0.2ms)[0m   [0mSHOW KEYS FROM `logins`[0m
  [4;36;1mSQL (1.1ms)[0m   [0;1mSHOW FIELDS FROM `statuses`[0m
  [4;35;1mSQL (1.9ms)[0m   [0mdescribe `statuses`[0m
  [4;36;1mSQL (1.5ms)[0m   [0;1mSHOW KEYS FROM `statuses`[0m
  [4;36;1mSQL (0.1ms)[0m   [0;1mSET NAMES 'latin1'[0m
  [4;35;1mSQL (0.1ms)[0m   [0mSET SQL_AUTO_IS_NULL=0[0m


Processing StatusesController#index (for 127.0.0.1 at 2010-08-14 23:01:49) [GET]
  [4;36;1mStatus Load (0.3ms)[0m   [0;1mSELECT * FROM `statuses` [0m
Rendering template within layouts/statuses
Rendering statuses/index
Completed in 23ms (View: 20, DB: 0) | 200 OK [http://localhost/statuses]
  [4;35;1mSQL (0.2ms)[0m   [0mSET NAMES 'latin1'[0m
  [4;36;1mSQL (0.1ms)[0m   [0;1mSET SQL_AUTO_IS_NULL=0[0m


Processing StatusesController#new (for 127.0.0.1 at 2010-08-14 23:01:54) [GET]
  [4;35;1mStatus Columns (1.2ms)[0m   [0mSHOW FIELDS FROM `statuses`[0m
Rendering template within layouts/statuses
Rendering statuses/new
Completed in 26ms (View: 16, DB: 1) | 200 OK [http://localhost/statuses/new]
  [4;36;1mSQL (12.5ms)[0m   [0;1mSET NAMES 'latin1'[0m
  [4;35;1mSQL (20.4ms)[0m   [0mSET SQL_AUTO_IS_NULL=0[0m


Processing StatusesController#index (for 127.0.0.1 at 2010-08-21 16:25:54) [GET]
  [4;36;1mStatus Load (56.8ms)[0m   [0;1mSELECT * FROM `statuses` [0m
Rendering template within layouts/statuses
Rendering statuses/index
Completed in 208ms (View: 136, DB: 90) | 200 OK [http://localhost/statuses]
  [4;35;1mSQL (0.1ms)[0m   [0mSET NAMES 'latin1'[0m
  [4;36;1mSQL (0.1ms)[0m   [0;1mSET SQL_AUTO_IS_NULL=0[0m


Processing StatusesController#new (for 127.0.0.1 at 2010-08-21 16:25:59) [GET]
  [4;35;1mStatus Columns (98.8ms)[0m   [0mSHOW FIELDS FROM `statuses`[0m
Rendering template within layouts/statuses
Rendering statuses/new
Completed in 148ms (View: 46, DB: 99) | 200 OK [http://localhost/statuses/new]
  [4;36;1mSQL (0.1ms)[0m   [0;1mSET NAMES 'latin1'[0m
  [4;35;1mSQL (0.1ms)[0m   [0mSET SQL_AUTO_IS_NULL=0[0m


Processing StatusesController#create (for 127.0.0.1 at 2010-08-21 16:26:05) [POST]
  Parameters: {"commit"=>"Create", "authenticity_token"=>"pNvoOlu42m2/zmqmSJrVZmEZN2/0y8nN5qXsdgT2p7c=", "status"=>{"sid"=>"44", "uid"=>"33", "status"=>"G"}}
  [4;36;1mStatus Columns (1.3ms)[0m   [0;1mSHOW FIELDS FROM `statuses`[0m
  [4;35;1mSQL (30.7ms)[0m   [0mBEGIN[0m
  [4;36;1mStatus Create (21.0ms)[0m   [0;1mINSERT INTO `statuses` (`created_at`, `sid`, `updated_at`, `uid`, `status`) VALUES('2010-08-21 23:26:06', 44, '2010-08-21 23:26:06', 33, 0)[0m
  [4;35;1mSQL (0.5ms)[0m   [0mCOMMIT[0m
Redirected to http://localhost:3000/statuses/1
Completed in 61ms (DB: 54) | 302 Found [http://localhost/statuses]
  [4;36;1mSQL (0.1ms)[0m   [0;1mSET NAMES 'latin1'[0m
  [4;35;1mSQL (0.1ms)[0m   [0mSET SQL_AUTO_IS_NULL=0[0m


Processing StatusesController#show (for 127.0.0.1 at 2010-08-21 16:26:06) [GET]
  Parameters: {"id"=>"1"}
  [4;36;1mStatus Columns (1.1ms)[0m   [0;1mSHOW FIELDS FROM `statuses`[0m
  [4;35;1mStatus Load (0.2ms)[0m   [0mSELECT * FROM `statuses` WHERE (`statuses`.`id` = 1) [0m
Rendering template within layouts/statuses
Rendering statuses/show
Completed in 27ms (View: 21, DB: 1) | 200 OK [http://localhost/statuses/1]
  [4;36;1mSQL (0.1ms)[0m   [0;1mSET NAMES 'latin1'[0m
  [4;35;1mSQL (0.1ms)[0m   [0mSET SQL_AUTO_IS_NULL=0[0m


Processing StatusesController#index (for 127.0.0.1 at 2010-08-21 16:26:15) [GET]
  [4;36;1mStatus Load (0.3ms)[0m   [0;1mSELECT * FROM `statuses` [0m
Rendering template within layouts/statuses
Rendering statuses/index
  [4;35;1mStatus Columns (0.9ms)[0m   [0mSHOW FIELDS FROM `statuses`[0m
Completed in 9ms (View: 4, DB: 1) | 200 OK [http://localhost/statuses]
  [4;36;1mSQL (0.1ms)[0m   [0;1mSET NAMES 'latin1'[0m
  [4;35;1mSQL (0.1ms)[0m   [0mSET SQL_AUTO_IS_NULL=0[0m


Processing StatusesController#new (for 127.0.0.1 at 2010-08-21 16:26:27) [GET]
  [4;36;1mStatus Columns (1.1ms)[0m   [0;1mSHOW FIELDS FROM `statuses`[0m
Rendering template within layouts/statuses
Rendering statuses/new
Completed in 12ms (View: 7, DB: 1) | 200 OK [http://localhost/statuses/new]
  [4;35;1mSQL (0.1ms)[0m   [0mSET NAMES 'latin1'[0m
  [4;36;1mSQL (0.1ms)[0m   [0;1mSET SQL_AUTO_IS_NULL=0[0m


Processing ApplicationController#index (for 127.0.0.1 at 2010-08-21 16:26:49) [GET]

ActionController::RoutingError (No route matches "/statuses'" with {:method=>:get}):
  

Rendering rescues/layout (not_found)
  [4;35;1mSQL (0.1ms)[0m   [0mSET NAMES 'latin1'[0m
  [4;36;1mSQL (0.1ms)[0m   [0;1mSET SQL_AUTO_IS_NULL=0[0m


Processing StatusesController#index (for 127.0.0.1 at 2010-08-21 16:26:54) [GET]
  [4;35;1mStatus Load (0.3ms)[0m   [0mSELECT * FROM `statuses` [0m
Rendering template within layouts/statuses
Rendering statuses/index
  [4;36;1mStatus Columns (1.1ms)[0m   [0;1mSHOW FIELDS FROM `statuses`[0m
Completed in 9ms (View: 4, DB: 2) | 200 OK [http://localhost/statuses]
  [4;35;1mSQL (0.1ms)[0m   [0mSET NAMES 'latin1'[0m
  [4;36;1mSQL (0.1ms)[0m   [0;1mSET SQL_AUTO_IS_NULL=0[0m


Processing ApplicationController#index (for 127.0.0.1 at 2010-08-21 16:26:58) [GET]

ActionController::RoutingError (No route matches "/statuses," with {:method=>:get}):
  

Rendering rescues/layout (not_found)
  [4;35;1mSQL (0.1ms)[0m   [0mSET NAMES 'latin1'[0m
  [4;36;1mSQL (0.1ms)[0m   [0;1mSET SQL_AUTO_IS_NULL=0[0m


Processing StatusesController#index (for 127.0.0.1 at 2010-08-21 16:27:03) [GET]
  [4;35;1mStatus Load (0.3ms)[0m   [0mSELECT * FROM `statuses` [0m
Rendering template within layouts/statuses
Rendering statuses/index
  [4;36;1mStatus Columns (1.1ms)[0m   [0;1mSHOW FIELDS FROM `statuses`[0m
Completed in 9ms (View: 4, DB: 2) | 200 OK [http://localhost/statuses]
  [4;35;1mSQL (0.1ms)[0m   [0mSET NAMES 'latin1'[0m
  [4;36;1mSQL (0.1ms)[0m   [0;1mSET SQL_AUTO_IS_NULL=0[0m


Processing StatusesController#index (for 127.0.0.1 at 2010-08-21 16:27:13) [GET]
  Parameters: {"key"=>"val"}
  [4;35;1mStatus Load (0.3ms)[0m   [0mSELECT * FROM `statuses` [0m
Rendering template within layouts/statuses
Rendering statuses/index
  [4;36;1mStatus Columns (1.3ms)[0m   [0;1mSHOW FIELDS FROM `statuses`[0m
Completed in 10ms (View: 5, DB: 2) | 200 OK [http://localhost/statuses?key=val]
  [4;35;1mSQL (0.1ms)[0m   [0mSET NAMES 'latin1'[0m
  [4;36;1mSQL (0.1ms)[0m   [0;1mSET SQL_AUTO_IS_NULL=0[0m


Processing StatusesController#index (for 127.0.0.1 at 2010-08-21 16:27:27) [GET]
  Parameters: {"key"=>"val"}
  [4;35;1mStatus Load (0.3ms)[0m   [0mSELECT * FROM `statuses` [0m
Rendering template within layouts/statuses
Rendering statuses/index
  [4;36;1mStatus Columns (1.0ms)[0m   [0;1mSHOW FIELDS FROM `statuses`[0m
Completed in 10ms (View: 5, DB: 2) | 200 OK [http://localhost/statuses?key=val]
  [4;35;1mSQL (0.1ms)[0m   [0mSET NAMES 'latin1'[0m
  [4;36;1mSQL (0.1ms)[0m   [0;1mSET SQL_AUTO_IS_NULL=0[0m


Processing StatusesController#new (for 127.0.0.1 at 2010-08-21 16:27:53) [GET]
  [4;35;1mStatus Columns (1.1ms)[0m   [0mSHOW FIELDS FROM `statuses`[0m
Rendering template within layouts/statuses
Rendering statuses/new
Completed in 10ms (View: 5, DB: 1) | 200 OK [http://localhost/statuses/new]
