  [4;36;1mSQL (0.3ms)[0m   [0;1m SELECT name
 FROM sqlite_master
 WHERE type = 'table' AND NOT name = 'sqlite_sequence'
[0m
  [4;35;1mSQL (0.1ms)[0m   [0mselect sqlite_version(*)[0m
  [4;36;1mSQL (3.0ms)[0m   [0;1mCREATE TABLE "schema_migrations" ("version" varchar(255) NOT NULL) [0m
  [4;35;1mSQL (0.0ms)[0m   [0mPRAGMA index_list("schema_migrations")[0m
  [4;36;1mSQL (2.1ms)[0m   [0;1mCREATE UNIQUE INDEX "unique_schema_migrations" ON "schema_migrations" ("version")[0m
  [4;35;1mSQL (0.1ms)[0m   [0m SELECT name
 FROM sqlite_master
 WHERE type = 'table' AND NOT name = 'sqlite_sequence'
[0m
  [4;36;1mSQL (0.1ms)[0m   [0;1mSELECT version FROM schema_migrations[0m
Migrating to CreateFlights (20100815035350)
  [4;35;1mSQL (0.4ms)[0m   [0mCREATE TABLE "flights" ("id" INTEGER PRIMARY KEY AUTOINCREMENT NOT NULL, "number" varchar(255), "created_at" datetime, "updated_at" datetime) [0m
  [4;36;1mSQL (0.1ms)[0m   [0;1mINSERT INTO schema_migrations (version) VALUES ('20100815035350')[0m
  [4;35;1mSQL (0.2ms)[0m   [0m SELECT name
 FROM sqlite_master
 WHERE type = 'table' AND NOT name = 'sqlite_sequence'
[0m
  [4;36;1mSQL (0.1ms)[0m   [0;1mSELECT version FROM schema_migrations[0m
  [4;35;1mSQL (0.1ms)[0m   [0m SELECT name
 FROM sqlite_master
 WHERE type = 'table' AND NOT name = 'sqlite_sequence'
[0m
  [4;36;1mSQL (0.0ms)[0m   [0;1mPRAGMA index_list("flights")[0m
  [4;36;1mSQL (0.1ms)[0m   [0;1mSELECT count(*) AS count_all FROM "flights" [0m
  [4;35;1mFlight Create (0.4ms)[0m   [0mINSERT INTO "flights" ("number", "created_at", "updated_at") VALUES('123', '2010-08-15 03:54:32', '2010-08-15 03:54:32')[0m
  [4;36;1mSQL (0.2ms)[0m   [0;1mSELECT count(*) AS count_all FROM "flights" [0m
  [4;35;1mFlight Load (0.2ms)[0m   [0mSELECT * FROM "flights" LIMIT 1[0m


Processing FlightsController#show (for 127.0.0.1 at 2010-08-14 20:55:22) [GET]
  Parameters: {"id"=>"1"}
  [4;36;1mFlight Load (0.1ms)[0m   [0;1mSELECT * FROM "flights" WHERE ("flights"."id" = 1) [0m
Rendering template within layouts/flights
Rendering flights/show
Completed in 46ms (View: 41, DB: 0) | 200 OK [http://localhost/flights/1]
  [4;36;1mSQL (2.1ms)[0m   [0;1m SELECT name
 FROM sqlite_master
 WHERE type = 'table' AND NOT name = 'sqlite_sequence'
[0m
  [4;35;1mSQL (0.1ms)[0m   [0mSELECT version FROM schema_migrations[0m
Migrating to CreateFlights (20100815035350)
  [4;36;1mSQL (0.1ms)[0m   [0;1mselect sqlite_version(*)[0m
  [4;35;1mSQL (0.1ms)[0m   [0m SELECT name
 FROM sqlite_master
 WHERE type = 'table' AND NOT name = 'sqlite_sequence'
[0m
  [4;36;1mSQL (0.1ms)[0m   [0;1mSELECT version FROM schema_migrations[0m
  [4;35;1mSQL (0.1ms)[0m   [0m SELECT name
 FROM sqlite_master
 WHERE type = 'table' AND NOT name = 'sqlite_sequence'
[0m
  [4;36;1mSQL (0.0ms)[0m   [0;1mPRAGMA index_list("flights")[0m
  [4;36;1mFlight Load (0.4ms)[0m   [0;1mSELECT * FROM "flights" LIMIT 1[0m


Processing ApplicationController#index (for 127.0.0.1 at 2010-08-21 18:46:39) [GET]

ActionController::RoutingError (No route matches "/forms101" with {:method=>:get}):
  

Rendering rescues/layout (not_found)


Processing FlightsController#index (for 127.0.0.1 at 2010-08-21 18:46:46) [GET]
  [4;36;1mFlight Load (0.5ms)[0m   [0;1mSELECT * FROM "flights" [0m
Rendering template within layouts/flights
Rendering flights/index
Completed in 50ms (View: 46, DB: 1) | 200 OK [http://localhost/flights]


Processing FlightsController#new (for 127.0.0.1 at 2010-08-21 18:46:56) [GET]
Rendering template within layouts/flights
Rendering flights/new
Completed in 12ms (View: 8, DB: 0) | 200 OK [http://localhost/flights/new]


Processing FlightsController#create (for 127.0.0.1 at 2010-08-21 18:47:31) [POST]
  Parameters: {"commit"=>"Create", "authenticity_token"=>"TOv0nsKjqV9U84u9d0Rv/vahRwUEPQ8JejJzKPn7oZc=", "flight"=>{"number"=>"344"}}
  [4;35;1mFlight Create (71.1ms)[0m   [0mINSERT INTO "flights" ("number", "created_at", "updated_at") VALUES('344', '2010-08-22 01:47:31', '2010-08-22 01:47:31')[0m
Redirected to http://localhost:3000/flights/2
Completed in 79ms (DB: 71) | 302 Found [http://localhost/flights]


Processing FlightsController#show (for 127.0.0.1 at 2010-08-21 18:47:31) [GET]
  Parameters: {"id"=>"2"}
  [4;36;1mFlight Load (0.1ms)[0m   [0;1mSELECT * FROM "flights" WHERE ("flights"."id" = 2) [0m
Rendering template within layouts/flights
Rendering flights/show
Completed in 69ms (View: 65, DB: 0) | 200 OK [http://localhost/flights/2]


Processing FlightsController#index (for 127.0.0.1 at 2010-08-21 18:47:33) [GET]
  [4;35;1mFlight Load (0.3ms)[0m   [0mSELECT * FROM "flights" [0m
Rendering template within layouts/flights
Rendering flights/index
Completed in 9ms (View: 6, DB: 0) | 200 OK [http://localhost/flights]


Processing FlightsController#edit (for 127.0.0.1 at 2010-08-21 18:50:00) [GET]
  Parameters: {"id"=>"1"}
  [4;36;1mFlight Load (0.1ms)[0m   [0;1mSELECT * FROM "flights" WHERE ("flights"."id" = 1) [0m
Rendering template within layouts/flights
Rendering flights/edit
Completed in 13ms (View: 9, DB: 0) | 200 OK [http://localhost/flights/1/edit]


Processing FlightsController#edit (for 127.0.0.1 at 2010-08-21 18:50:05) [GET]
  Parameters: {"id"=>"2"}
  [4;35;1mFlight Load (0.1ms)[0m   [0mSELECT * FROM "flights" WHERE ("flights"."id" = 2) [0m
Rendering template within layouts/flights
Rendering flights/edit
Completed in 10ms (View: 6, DB: 0) | 200 OK [http://localhost/flights/2/edit]


Processing FlightsController#new (for 127.0.0.1 at 2010-08-21 18:50:52) [GET]
Rendering template within layouts/flights
Rendering flights/new
Completed in 8ms (View: 5, DB: 0) | 200 OK [http://localhost/flights/new]


Processing FlightsController#new (for 127.0.0.1 at 2010-08-21 18:52:59) [GET]
  Parameters: {"number"=>"3223"}
Rendering template within layouts/flights
Rendering flights/new
Completed in 34ms (View: 31, DB: 0) | 200 OK [http://localhost/flights/new?number=3223]


Processing FlightsController#create (for 127.0.0.1 at 2010-08-21 18:53:12) [POST]
  Parameters: {"commit"=>"Create", "authenticity_token"=>"TOv0nsKjqV9U84u9d0Rv/vahRwUEPQ8JejJzKPn7oZc=", "flight"=>{"number"=>"433"}}
  [4;36;1mFlight Create (0.3ms)[0m   [0;1mINSERT INTO "flights" ("number", "created_at", "updated_at") VALUES('433', '2010-08-22 01:53:12', '2010-08-22 01:53:12')[0m
Redirected to http://localhost:3000/flights/3
Completed in 8ms (DB: 0) | 302 Found [http://localhost/flights]


Processing FlightsController#show (for 127.0.0.1 at 2010-08-21 18:53:12) [GET]
  Parameters: {"id"=>"3"}
  [4;35;1mFlight Load (0.1ms)[0m   [0mSELECT * FROM "flights" WHERE ("flights"."id" = 3) [0m
Rendering template within layouts/flights
Rendering flights/show
Completed in 6ms (View: 2, DB: 0) | 200 OK [http://localhost/flights/3]


Processing FlightsController#index (for 127.0.0.1 at 2010-08-21 18:53:26) [GET]
  [4;36;1mFlight Load (0.3ms)[0m   [0;1mSELECT * FROM "flights" [0m
Rendering template within layouts/flights
Rendering flights/index
Completed in 11ms (View: 8, DB: 0) | 200 OK [http://localhost/flights]


Processing FlightsController#new (for 127.0.0.1 at 2010-08-21 18:54:14) [GET]
  Parameters: {"number"=>"3113"}
Rendering template within layouts/flights
Rendering flights/new
Completed in 8ms (View: 5, DB: 0) | 200 OK [http://localhost/flights/new?number=3113]


Processing FlightsController#create (for 127.0.0.1 at 2010-08-21 18:54:33) [POST]
  Parameters: {"commit"=>"Create", "authenticity_token"=>"TOv0nsKjqV9U84u9d0Rv/vahRwUEPQ8JejJzKPn7oZc=", "flight"=>{"number"=>"3114"}}
  [4;35;1mFlight Create (0.6ms)[0m   [0mINSERT INTO "flights" ("number", "created_at", "updated_at") VALUES('3114', '2010-08-22 01:54:33', '2010-08-22 01:54:33')[0m
Redirected to http://localhost:3000/flights/4
Completed in 9ms (DB: 1) | 302 Found [http://localhost/flights]


Processing FlightsController#show (for 127.0.0.1 at 2010-08-21 18:54:33) [GET]
  Parameters: {"id"=>"4"}
  [4;36;1mFlight Load (0.1ms)[0m   [0;1mSELECT * FROM "flights" WHERE ("flights"."id" = 4) [0m
Rendering template within layouts/flights
Rendering flights/show
Completed in 6ms (View: 2, DB: 0) | 200 OK [http://localhost/flights/4]


Processing FlightsController#index (for 127.0.0.1 at 2010-08-21 18:57:06) [GET]
  [4;35;1mFlight Load (0.5ms)[0m   [0mSELECT * FROM "flights" [0m
Rendering template within layouts/flights
Rendering flights/index
Completed in 22ms (View: 18, DB: 0) | 200 OK [http://localhost/flights]


Processing FlightsController#new (for 127.0.0.1 at 2010-08-21 18:57:08) [GET]
Rendering template within layouts/flights
Rendering flights/new
Completed in 8ms (View: 5, DB: 0) | 200 OK [http://localhost/flights/new]


Processing FlightsController#index (for 127.0.0.1 at 2010-08-21 18:57:17) [GET]
  [4;36;1mFlight Load (0.3ms)[0m   [0;1mSELECT * FROM "flights" [0m
Rendering template within layouts/flights
Rendering flights/index
Completed in 13ms (View: 9, DB: 0) | 200 OK [http://localhost/flights]


Processing FlightsController#new (for 127.0.0.1 at 2010-08-21 19:01:23) [GET]
Rendering template within layouts/flights
Rendering flights/new
Completed in 362ms (View: 358, DB: 0) | 200 OK [http://localhost/flights/new]


Processing FlightsController#new (for 127.0.0.1 at 2010-08-21 19:06:41) [GET]
  Parameters: {"number"=>"3115"}
  [4;35;1mFlight Create (0.3ms)[0m   [0mINSERT INTO "flights" ("number", "created_at", "updated_at") VALUES(NULL, '2010-08-22 02:06:41', '2010-08-22 02:06:41')[0m
Redirected to http://localhost:3000/flights/5
Completed in 9ms (DB: 0) | 302 Found [http://localhost/flights/new?number=3115]


Processing FlightsController#show (for 127.0.0.1 at 2010-08-21 19:06:41) [GET]
  Parameters: {"id"=>"5"}
  [4;36;1mFlight Load (0.1ms)[0m   [0;1mSELECT * FROM "flights" WHERE ("flights"."id" = 5) [0m
Rendering template within layouts/flights
Rendering flights/show
Completed in 6ms (View: 2, DB: 0) | 200 OK [http://localhost/flights/5]


Processing FlightsController#index (for 127.0.0.1 at 2010-08-21 19:06:51) [GET]
  [4;35;1mFlight Load (0.4ms)[0m   [0mSELECT * FROM "flights" [0m
Rendering template within layouts/flights
Rendering flights/index
Completed in 14ms (View: 11, DB: 0) | 200 OK [http://localhost/flights]


Processing FlightsController#new (for 127.0.0.1 at 2010-08-21 19:08:54) [GET]
  Parameters: {"number"=>"3116"}
  [4;36;1mFlight Create (0.6ms)[0m   [0;1mINSERT INTO "flights" ("number", "created_at", "updated_at") VALUES(NULL, '2010-08-22 02:08:54', '2010-08-22 02:08:54')[0m
Redirected to http://localhost:3000/flights/6
Completed in 7ms (DB: 1) | 302 Found [http://localhost/flights/new?number=3116]


Processing FlightsController#show (for 127.0.0.1 at 2010-08-21 19:08:55) [GET]
  Parameters: {"id"=>"6"}
  [4;35;1mFlight Load (0.1ms)[0m   [0mSELECT * FROM "flights" WHERE ("flights"."id" = 6) [0m
Rendering template within layouts/flights
Rendering flights/show
Completed in 6ms (View: 2, DB: 0) | 200 OK [http://localhost/flights/6]


Processing FlightsController#index (for 192.168.1.110 at 2010-08-21 20:35:27) [GET]
  [4;36;1mFlight Load (0.4ms)[0m   [0;1mSELECT * FROM "flights" [0m
Rendering template within layouts/flights
Rendering flights/index
Completed in 27ms (View: 23, DB: 0) | 200 OK [http://192.168.1.110/flights]
